<?xml version="1.0" encoding="UTF-8"?>
<!-- Generated by org.testng.reporters.JUnitXMLReporter -->
<testsuite hostname="MEHAVARNAN" ignored="0" name="Test" tests="1" failures="1" timestamp="04 Jun 2018 13:43:47 GMT" time="16.231" errors="0">
  <testcase name="login" time="11.22" classname="com.orangehrm.hrmdemo.Test1">
    <failure type="java.lang.AssertionError" message="expected [true] but found [false]">
      <![CDATA[java.lang.AssertionError: expected [true] but found [false]
	at com.orangehrm.hrmdemo.Test1.login(Test1.java:28)
... Removed 29 stack frames]]>
    </failure>
  </testcase> <!-- login -->
</testsuite> <!-- Test -->
